<?xml version="1.0" encoding="UTF-8"?>
<!-- Generated by org.testng.reporters.JUnitReportReporter -->
<testsuite skipped="0" hostname="Lenovo" name="testcases.TC001_LoginAndLogout" tests="2" failures="0" timestamp="06 May 2018 16:54:02 GMT" time="46.580" errors="0">
  <testcase name="loginAndLogout" time="30.945" classname="testcases.TC001_LoginAndLogout"/>
  <testcase name="loginAndLogout" time="15.635" classname="testcases.TC001_LoginAndLogout"/>
</testsuite> <!-- testcases.TC001_LoginAndLogout -->
