<?xml version="1.0" encoding="UTF-8"?>
<!-- Generated by org.testng.reporters.JUnitReportReporter -->
<testsuite skipped="0" hostname="Lenovo" name="testcases.TC001_PayPal_SignUp" tests="1" failures="0" timestamp="29 May 2018 17:31:07 GMT" time="31.056" errors="0">
  <testcase name="loginAndLogout" time="31.056" classname="testcases.TC001_PayPal_SignUp"/>
</testsuite> <!-- testcases.TC001_PayPal_SignUp -->
