<?xml version="1.0" encoding="UTF-8"?>
<!-- Generated by org.testng.reporters.JUnitReportReporter -->
<testsuite skipped="0" hostname="Lenovo" name="testcases.TC004_EditLead" tests="1" failures="0" timestamp="07 May 2018 17:00:27 GMT" time="74.467" errors="0">
  <testcase name="editLeadTest" time="74.467" classname="testcases.TC004_EditLead"/>
</testsuite> <!-- testcases.TC004_EditLead -->
