<?xml version="1.0" encoding="UTF-8"?>
<!-- Generated by org.testng.reporters.JUnitReportReporter -->
<testsuite skipped="0" hostname="Lenovo" name="testcases.TC001_PayPal_SignUp" tests="1" failures="0" timestamp="29 May 2018 16:41:53 GMT" time="44.926" errors="0">
  <testcase name="loginAndLogout" time="44.926" classname="testcases.TC001_PayPal_SignUp"/>
</testsuite> <!-- testcases.TC001_PayPal_SignUp -->
